Log file open, 08/30/20 17:20:04
LogInit: Display: Running engine for game: QuestSystem
LogPlatformFile: Not using cached read wrapper
LogTaskGraph: Started task graph with 5 named threads and 47 total threads with 3 sets of task threads.
LogStats: Stats thread started at 2.132136
LogD3D11RHI: Loaded GFSDK_Aftermath_Lib.x64.dll
LogICUInternationalization: ICU TimeZone Detection - Raw Offset: +1:00, Platform Override: ''
LogPluginManager: Mounting plugin Paper2D
LogPluginManager: Mounting plugin AISupport
LogPluginManager: Mounting plugin LightPropagationVolume
LogPluginManager: Mounting plugin CameraShakePreviewer
LogPluginManager: Mounting plugin ActorLayerUtilities
LogPluginManager: Mounting plugin AnimationSharing
LogPluginManager: Mounting plugin CLionSourceCodeAccess
LogPluginManager: Mounting plugin CodeLiteSourceCodeAccess
LogPluginManager: Mounting plugin GitSourceControl
LogPluginManager: Mounting plugin KDevelopSourceCodeAccess
LogPluginManager: Mounting plugin NullSourceCodeAccess
LogPluginManager: Mounting plugin PerforceSourceControl
LogPluginManager: Mounting plugin PlasticSourceControl
LogPluginManager: Mounting plugin RiderLink
LogPluginManager: Mounting plugin RiderSourceCodeAccess
LogPluginManager: Mounting plugin SubversionSourceControl
LogPluginManager: Mounting plugin UObjectPlugin
LogPluginManager: Mounting plugin VisualStudioCodeSourceCodeAccess
LogPluginManager: Mounting plugin VisualStudioSourceCodeAccess
LogPluginManager: Mounting plugin XCodeSourceCodeAccess
LogPluginManager: Mounting plugin AssetManagerEditor
LogPluginManager: Mounting plugin CryptoKeys
LogPluginManager: Mounting plugin CurveEditorTools
LogPluginManager: Mounting plugin DataValidation
LogPluginManager: Mounting plugin EditorScriptingUtilities
LogPluginManager: Mounting plugin FacialAnimation
LogPluginManager: Mounting plugin GameplayTagsEditor
LogPluginManager: Mounting plugin GeometryMode
LogPluginManager: Mounting plugin MacGraphicsSwitching
LogPluginManager: Mounting plugin MaterialAnalyzer
LogPluginManager: Mounting plugin MobileLauncherProfileWizard
LogPluginManager: Mounting plugin PluginBrowser
LogPluginManager: Mounting plugin SpeedTreeImporter
LogPluginManager: Mounting plugin DatasmithContent
LogPluginManager: Mounting plugin VariantManagerContent
LogPluginManager: Mounting plugin AlembicImporter
LogPluginManager: Mounting plugin AutomationUtils
LogPluginManager: Mounting plugin BackChannel
LogPluginManager: Mounting plugin ChaosCloth
LogPluginManager: Mounting plugin ChaosClothEditor
LogPluginManager: Mounting plugin ChaosEditor
LogPluginManager: Mounting plugin ChaosNiagara
LogPluginManager: Mounting plugin ChaosSolverPlugin
LogPluginManager: Mounting plugin CharacterAI
LogPluginManager: Mounting plugin GeometryCache
LogPluginManager: Mounting plugin GeometryCollectionPlugin
LogPluginManager: Mounting plugin GeometryProcessing
LogPluginManager: Mounting plugin PlanarCut
LogPluginManager: Mounting plugin PlatformCrypto
LogPluginManager: Mounting plugin ProxyLODPlugin
LogPluginManager: Mounting plugin SkeletalReduction
LogPluginManager: Mounting plugin Niagara
LogPluginManager: Mounting plugin MagicLeap
LogPluginManager: Mounting plugin MagicLeapLightEstimation
LogPluginManager: Mounting plugin MagicLeapMedia
LogPluginManager: Mounting plugin MagicLeapPassableWorld
LogPluginManager: Mounting plugin MLSDK
LogPluginManager: Mounting plugin AndroidMedia
LogPluginManager: Mounting plugin AvfMedia
LogPluginManager: Mounting plugin ImgMedia
LogPluginManager: Mounting plugin MediaCompositing
LogPluginManager: Mounting plugin MediaPlayerEditor
LogPluginManager: Mounting plugin WebMMedia
LogPluginManager: Mounting plugin WmfMedia
LogPluginManager: Mounting plugin MeshPainting
LogPluginManager: Mounting plugin TcpMessaging
LogPluginManager: Mounting plugin UdpMessaging
LogPluginManager: Mounting plugin ActorSequence
LogPluginManager: Mounting plugin LevelSequenceEditor
LogPluginManager: Mounting plugin MatineeToLevelSequence
LogPluginManager: Mounting plugin MovieRenderPipeline
LogPluginManager: Mounting plugin TemplateSequence
LogPluginManager: Mounting plugin NetcodeUnitTest
LogPluginManager: Mounting plugin NUTUnrealEngine4
LogPluginManager: Mounting plugin OnlineSubsystemGooglePlay
LogPluginManager: Mounting plugin OnlineSubsystemIOS
LogPluginManager: Mounting plugin OnlineSubsystem
LogPluginManager: Mounting plugin OnlineSubsystemNull
LogPluginManager: Mounting plugin OnlineSubsystemUtils
LogPluginManager: Mounting plugin LauncherChunkInstaller
LogPluginManager: Mounting plugin AndroidDeviceProfileSelector
LogPluginManager: Mounting plugin AndroidMoviePlayer
LogPluginManager: Mounting plugin AndroidPermission
LogPluginManager: Mounting plugin AppleImageUtils
LogPluginManager: Mounting plugin AppleMoviePlayer
LogPluginManager: Mounting plugin ArchVisCharacter
LogPluginManager: Mounting plugin AssetTags
LogPluginManager: Mounting plugin AudioCapture
LogPluginManager: Mounting plugin CableComponent
LogPluginManager: Mounting plugin CustomMeshComponent
LogPluginManager: Mounting plugin EditableMesh
LogPluginManager: Mounting plugin ExampleDeviceProfileSelector
LogPluginManager: Mounting plugin GoogleCloudMessaging
LogPluginManager: Mounting plugin GooglePAD
LogPluginManager: Mounting plugin IOSDeviceProfileSelector
LogPluginManager: Mounting plugin LinuxDeviceProfileSelector
LogPluginManager: Mounting plugin LocationServicesBPLibrary
LogPluginManager: Mounting plugin MobilePatchingUtils
LogPluginManager: Mounting plugin OculusVR
LogPluginManager: Mounting plugin PhysXVehicles
LogPluginManager: Mounting plugin PostSplashScreen
LogPluginManager: Mounting plugin ProceduralMeshComponent
LogPluginManager: Mounting plugin RuntimePhysXCooking
LogPluginManager: Mounting plugin SignificanceManager
LogPluginManager: Mounting plugin SoundFields
LogPluginManager: Mounting plugin SteamVR
LogPluginManager: Mounting plugin Synthesis
LogPluginManager: Mounting plugin WebMMoviePlayer
LogPluginManager: Mounting plugin WindowsMoviePlayer
LogPluginManager: Mounting plugin ScreenshotTools
Launching UnrealBuildTool... [P:/Unreal Engine/UE_4.25/Engine/Binaries/DotNET/UnrealBuildTool.exe -Mode=QueryTargets -Project="D:/Unreal/Advanced-Quest-System/QuestSystem C++/QuestSystem.uproject" -Output="D:/Unreal/Advanced-Quest-System/QuestSystem C++/Intermediate/TargetInfo.json"]
LogInit: Warning: Incompatible or missing module: QuestSystem
Running P:/Unreal Engine/UE_4.25/Engine/Binaries/DotNET/UnrealBuildTool.exe Development Win64 -Project="D:/Unreal/Advanced-Quest-System/QuestSystem C++/QuestSystem.uproject" -TargetType=Editor -Progress -NoEngineChanges -NoHotReloadFromIDE
Using 'git status' to determine working set for adaptive non-unity build (D:\Unreal\Advanced-Quest-System).
Creating makefile for QuestSystemEditor (no existing makefile)
@progress push 5%
Parsing headers for QuestSystemEditor
  Running UnrealHeaderTool "D:\Unreal\Advanced-Quest-System\QuestSystem C++\QuestSystem.uproject" "D:\Unreal\Advanced-Quest-System\QuestSystem C++\Intermediate\Build\Win64\QuestSystemEditor\Development\QuestSystemEditor.uhtmanifest" -LogCmds="loginit warning, logexit warning, logdatabase error" -Unattended -WarningsAsErrors -abslog="C:\Users\marku\AppData\Local\UnrealBuildTool\Log_UHT.txt" -installed
Reflection code generated for QuestSystemEditor in 5,6465452 seconds
@progress pop
Building QuestSystemEditor...
Using Visual Studio 2019 14.27.29111 toolchain (P:\Microsoft Visual Studio\2019\Community\VC\Tools\MSVC\14.27.29110) and Windows 10.0.18362.0 SDK (C:\Program Files (x86)\Windows Kits\10).
Building 33 actions with 16 processes...
  @progress 'Compiling C++ source code...' 0%
  @progress 'Compiling C++ source code...' 3%
  [1/33] Default.rc2
  @progress 'Compiling C++ source code...' 6%
  [2/33] SharedPCH.Engine.ShadowErrors.cpp
  @progress 'Compiling C++ source code...' 9%
  [3/33] QuestSystem.cpp
  @progress 'Compiling C++ source code...' 12%
  [4/33] InteractInterface.cpp
  @progress 'Compiling C++ source code...' 15%
  [5/33] NPCInterface.cpp
  @progress 'Compiling C++ source code...' 18%
  [6/33] GameInstanceBase.cpp
  @progress 'Compiling C++ source code...' 21%
  [7/33] NPCQuest.cpp
  @progress 'Compiling C++ source code...' 24%
  [8/33] NPCMaster.cpp
  @progress 'Compiling C++ source code...' 27%
  [9/33] QuestStep.cpp
  @progress 'Compiling C++ source code...' 30%
  [10/33] QuestStruct.cpp
  @progress 'Compiling C++ source code...' 33%
  [11/33] NPCQuestHolder.cpp
  @progress 'Compiling C++ source code...' 36%
  [12/33] NPCQuestStruct.cpp
  @progress 'Compiling C++ source code...' 39%
  [13/33] GameInstanceBase.gen.cpp
  @progress 'Compiling C++ source code...' 42%
  [14/33] ThirdPersonCharacter.cpp
  @progress 'Compiling C++ source code...' 45%
  [15/33] ThirdPersonCharacter.gen.cpp
  @progress 'Compiling C++ source code...' 48%
  [16/33] QuestSave.cpp
  @progress 'Compiling C++ source code...' 52%
  [17/33] QuestComponent.cpp
  @progress 'Compiling C++ source code...' 55%
  [18/33] QuestTriggerMaster.gen.cpp
  @progress 'Compiling C++ source code...' 58%
  [19/33] QuestSystem.init.gen.cpp
  @progress 'Compiling C++ source code...' 61%
  [20/33] InteractInterface.gen.cpp
  @progress 'Compiling C++ source code...' 64%
  [21/33] NPCInterface.gen.cpp
  @progress 'Compiling C++ source code...' 67%
  [22/33] NPCQuest.gen.cpp
  @progress 'Compiling C++ source code...' 70%
  [23/33] NPCMaster.gen.cpp
  @progress 'Compiling C++ source code...' 73%
  [24/33] QuestStep.gen.cpp
  @progress 'Compiling C++ source code...' 76%
  [25/33] NPCQuestStruct.gen.cpp
  @progress 'Compiling C++ source code...' 79%
  [26/33] QuestStruct.gen.cpp
  @progress 'Compiling C++ source code...' 82%
  [27/33] NPCQuestHolder.gen.cpp
  @progress 'Compiling C++ source code...' 85%
  [28/33] QuestComponent.gen.cpp
  @progress 'Compiling C++ source code...' 88%
  [29/33] QuestTriggerMaster.cpp
  @progress 'Compiling C++ source code...' 91%
  [30/33] QuestSave.gen.cpp
  @progress 'Compiling C++ source code...' 94%
  [31/33] UE4Editor-QuestSystem.lib
     Bibliothek "D:\Unreal\Advanced-Quest-System\QuestSystem C++\Intermediate\Build\Win64\UE4Editor\Development\QuestSystem\UE4Editor-QuestSystem.lib" und Objekt "D:\Unreal\Advanced-Quest-System\QuestSystem C++\Intermediate\Build\Win64\UE4Editor\Development\QuestSystem\UE4Editor-QuestSystem.exp" werden erstellt.
  @progress 'Compiling C++ source code...' 97%
  [32/33] UE4Editor-QuestSystem.dll
     Bibliothek "D:\Unreal\Advanced-Quest-System\QuestSystem C++\Intermediate\Build\Win64\UE4Editor\Development\QuestSystem\UE4Editor-QuestSystem.suppressed.lib" und Objekt "D:\Unreal\Advanced-Quest-System\QuestSystem C++\Intermediate\Build\Win64\UE4Editor\Development\QuestSystem\UE4Editor-QuestSystem.suppressed.exp" werden erstellt.
  NPCInterface.gen.cpp.obj : error LNK2001: Nicht aufgel?stes externes Symbol ""public: virtual void __cdecl INPCInterface::Interact(void)" (?Interact@INPCInterface@@UEAAXXZ)".
  NPCMaster.gen.cpp.obj : error LNK2001: Nicht aufgel?stes externes Symbol ""public: virtual void __cdecl INPCInterface::Interact(void)" (?Interact@INPCInterface@@UEAAXXZ)".
  NPCQuest.gen.cpp.obj : error LNK2001: Nicht aufgel?stes externes Symbol ""public: virtual void __cdecl INPCInterface::Interact(void)" (?Interact@INPCInterface@@UEAAXXZ)".
  QuestTriggerMaster.gen.cpp.obj : error LNK2001: Nicht aufgel?stes externes Symbol ""public: virtual void __cdecl INPCInterface::Interact(void)" (?Interact@INPCInterface@@UEAAXXZ)".
  NPCInterface.cpp.obj : error LNK2001: Nicht aufgel?stes externes Symbol ""public: virtual void __cdecl INPCInterface::Interact(void)" (?Interact@INPCInterface@@UEAAXXZ)".
  NPCMaster.cpp.obj : error LNK2001: Nicht aufgel?stes externes Symbol ""public: virtual void __cdecl INPCInterface::Interact(void)" (?Interact@INPCInterface@@UEAAXXZ)".
  NPCQuest.cpp.obj : error LNK2001: Nicht aufgel?stes externes Symbol ""public: virtual void __cdecl INPCInterface::Interact(void)" (?Interact@INPCInterface@@UEAAXXZ)".
  QuestTriggerMaster.cpp.obj : error LNK2001: Nicht aufgel?stes externes Symbol ""public: virtual void __cdecl INPCInterface::Interact(void)" (?Interact@INPCInterface@@UEAAXXZ)".
  D:\Unreal\Advanced-Quest-System\QuestSystem C++\Binaries\Win64\UE4Editor-QuestSystem.dll : fatal error LNK1120: 1 nicht aufgel?ste Externe
LogInit: Warning: Still incompatible or missing module: QuestSystem
LogCore: Engine exit requested (reason: EngineExit() was called)
LogExit: Preparing to exit.
LogModuleManager: Shutting down and abandoning module DesktopPlatform (46)
LogModuleManager: Shutting down and abandoning module PlatformCryptoOpenSSL (44)
LogModuleManager: Shutting down and abandoning module PlatformCryptoTypes (42)
LogModuleManager: Shutting down and abandoning module PlatformCrypto (40)
LogModuleManager: Shutting down and abandoning module AnimationModifiers (38)
LogModuleManager: Shutting down and abandoning module PropertyEditor (37)
LogModuleManager: Shutting down and abandoning module AudioEditor (34)
LogModuleManager: Shutting down and abandoning module TextureCompressor (32)
LogModuleManager: Shutting down and abandoning module RenderCore (30)
LogModuleManager: Shutting down and abandoning module Landscape (28)
LogModuleManager: Shutting down and abandoning module SlateRHIRenderer (26)
LogModuleManager: Shutting down and abandoning module OpenGLDrv (24)
LogModuleManager: Shutting down and abandoning module D3D11RHI (22)
LogModuleManager: Shutting down and abandoning module AnimGraphRuntime (20)
LogModuleManager: Shutting down and abandoning module Renderer (18)
LogModuleManager: Shutting down and abandoning module Engine (16)
LogModuleManager: Shutting down and abandoning module CoreUObject (14)
LogModuleManager: Shutting down and abandoning module NetworkFile (12)
LogModuleManager: Shutting down and abandoning module CookedIterativeFile (10)
LogModuleManager: Shutting down and abandoning module StreamingFile (8)
LogModuleManager: Shutting down and abandoning module SandboxFile (6)
LogModuleManager: Shutting down and abandoning module PakFile (4)
LogModuleManager: Shutting down and abandoning module RSA (3)
LogExit: Exiting.
Log file closed, 08/30/20 17:21:19
