Log file open, 08/16/20 13:16:18
LogInit: Display: Running engine for game: QuestSystem
LogPlatformFile: Not using cached read wrapper
LogTaskGraph: Started task graph with 5 named threads and 23 total threads with 3 sets of task threads.
LogStats: Stats thread started at 1.499022
LogD3D11RHI: Loaded GFSDK_Aftermath_Lib.x64.dll
LogICUInternationalization: ICU TimeZone Detection - Raw Offset: +2:00, Platform Override: ''
LogPluginManager: Mounting plugin Paper2D
LogPluginManager: Mounting plugin AISupport
LogPluginManager: Mounting plugin LightPropagationVolume
LogPluginManager: Mounting plugin CameraShakePreviewer
LogPluginManager: Mounting plugin ActorLayerUtilities
LogPluginManager: Mounting plugin AnimationSharing
LogPluginManager: Mounting plugin CLionSourceCodeAccess
LogPluginManager: Mounting plugin CodeLiteSourceCodeAccess
LogPluginManager: Mounting plugin GitSourceControl
LogPluginManager: Mounting plugin KDevelopSourceCodeAccess
LogPluginManager: Mounting plugin NullSourceCodeAccess
LogPluginManager: Mounting plugin PerforceSourceControl
LogPluginManager: Mounting plugin PlasticSourceControl
LogPluginManager: Mounting plugin RiderSourceCodeAccess
LogPluginManager: Mounting plugin SubversionSourceControl
LogPluginManager: Mounting plugin UObjectPlugin
LogPluginManager: Mounting plugin VisualStudioCodeSourceCodeAccess
LogPluginManager: Mounting plugin VisualStudioSourceCodeAccess
LogPluginManager: Mounting plugin XCodeSourceCodeAccess
LogPluginManager: Mounting plugin AssetManagerEditor
LogPluginManager: Mounting plugin CryptoKeys
LogPluginManager: Mounting plugin CurveEditorTools
LogPluginManager: Mounting plugin DataValidation
LogPluginManager: Mounting plugin EditorScriptingUtilities
LogPluginManager: Mounting plugin FacialAnimation
LogPluginManager: Mounting plugin GameplayTagsEditor
LogPluginManager: Mounting plugin GeometryMode
LogPluginManager: Mounting plugin MacGraphicsSwitching
LogPluginManager: Mounting plugin MaterialAnalyzer
LogPluginManager: Mounting plugin MobileLauncherProfileWizard
LogPluginManager: Mounting plugin PluginBrowser
LogPluginManager: Mounting plugin SpeedTreeImporter
LogPluginManager: Mounting plugin DatasmithContent
LogPluginManager: Mounting plugin VariantManagerContent
LogPluginManager: Mounting plugin AlembicImporter
LogPluginManager: Mounting plugin AutomationUtils
LogPluginManager: Mounting plugin BackChannel
LogPluginManager: Mounting plugin ChaosCloth
LogPluginManager: Mounting plugin ChaosClothEditor
LogPluginManager: Mounting plugin ChaosEditor
LogPluginManager: Mounting plugin ChaosNiagara
LogPluginManager: Mounting plugin ChaosSolverPlugin
LogPluginManager: Mounting plugin CharacterAI
LogPluginManager: Mounting plugin GeometryCache
LogPluginManager: Mounting plugin GeometryCollectionPlugin
LogPluginManager: Mounting plugin GeometryProcessing
LogPluginManager: Mounting plugin PlanarCut
LogPluginManager: Mounting plugin PlatformCrypto
LogPluginManager: Mounting plugin ProxyLODPlugin
LogPluginManager: Mounting plugin PythonScriptPlugin
LogPluginManager: Mounting plugin SkeletalReduction
LogPluginManager: Mounting plugin Niagara
LogPluginManager: Mounting plugin MagicLeap
LogPluginManager: Mounting plugin MagicLeapLightEstimation
LogPluginManager: Mounting plugin MagicLeapMedia
LogPluginManager: Mounting plugin MagicLeapPassableWorld
LogPluginManager: Mounting plugin MLSDK
LogPluginManager: Mounting plugin AndroidMedia
LogPluginManager: Mounting plugin AvfMedia
LogPluginManager: Mounting plugin ImgMedia
LogPluginManager: Mounting plugin MediaCompositing
LogPluginManager: Mounting plugin MediaPlayerEditor
LogPluginManager: Mounting plugin WebMMedia
LogPluginManager: Mounting plugin WmfMedia
LogPluginManager: Mounting plugin MegascansPlugin
LogPluginManager: Mounting plugin MeshPainting
LogPluginManager: Mounting plugin TcpMessaging
LogPluginManager: Mounting plugin UdpMessaging
LogPluginManager: Mounting plugin ActorSequence
LogPluginManager: Mounting plugin LevelSequenceEditor
LogPluginManager: Mounting plugin MatineeToLevelSequence
LogPluginManager: Mounting plugin MovieRenderPipeline
LogPluginManager: Mounting plugin TemplateSequence
LogPluginManager: Mounting plugin NetcodeUnitTest
LogPluginManager: Mounting plugin NUTUnrealEngine4
LogPluginManager: Mounting plugin OnlineSubsystemGooglePlay
LogPluginManager: Mounting plugin OnlineSubsystemIOS
LogPluginManager: Mounting plugin OnlineSubsystem
LogPluginManager: Mounting plugin OnlineSubsystemNull
LogPluginManager: Mounting plugin OnlineSubsystemUtils
LogPluginManager: Mounting plugin LauncherChunkInstaller
LogPluginManager: Mounting plugin AndroidDeviceProfileSelector
LogPluginManager: Mounting plugin AndroidMoviePlayer
LogPluginManager: Mounting plugin AndroidPermission
LogPluginManager: Mounting plugin AppleImageUtils
LogPluginManager: Mounting plugin AppleMoviePlayer
LogPluginManager: Mounting plugin ArchVisCharacter
LogPluginManager: Mounting plugin AssetTags
LogPluginManager: Mounting plugin AudioCapture
LogPluginManager: Mounting plugin CableComponent
LogPluginManager: Mounting plugin CustomMeshComponent
LogPluginManager: Mounting plugin EditableMesh
LogPluginManager: Mounting plugin ExampleDeviceProfileSelector
LogPluginManager: Mounting plugin GoogleCloudMessaging
LogPluginManager: Mounting plugin GooglePAD
LogPluginManager: Mounting plugin IOSDeviceProfileSelector
LogPluginManager: Mounting plugin LinuxDeviceProfileSelector
LogPluginManager: Mounting plugin LocationServicesBPLibrary
LogPluginManager: Mounting plugin MobilePatchingUtils
LogPluginManager: Mounting plugin OculusVR
LogPluginManager: Mounting plugin PhysXVehicles
LogPluginManager: Mounting plugin PostSplashScreen
LogPluginManager: Mounting plugin ProceduralMeshComponent
LogPluginManager: Mounting plugin RuntimePhysXCooking
LogPluginManager: Mounting plugin SignificanceManager
LogPluginManager: Mounting plugin SoundFields
LogPluginManager: Mounting plugin SteamVR
LogPluginManager: Mounting plugin Synthesis
LogPluginManager: Mounting plugin WebMMoviePlayer
LogPluginManager: Mounting plugin WindowsMoviePlayer
LogPluginManager: Mounting plugin ScreenshotTools
LogInit: Using libcurl 7.55.1-DEV
LogInit:  - built for x86_64-pc-win32
LogInit:  - supports SSL with OpenSSL/1.1.1
LogInit:  - supports HTTP deflate (compression) using libz 1.2.8
LogInit:  - other features:
LogInit:      CURL_VERSION_SSL
LogInit:      CURL_VERSION_LIBZ
LogInit:      CURL_VERSION_IPV6
LogInit:      CURL_VERSION_ASYNCHDNS
LogInit:      CURL_VERSION_LARGEFILE
LogInit:      CURL_VERSION_IDN
LogInit:  CurlRequestOptions (configurable via config and command line):
LogInit:  - bVerifyPeer = true  - Libcurl will verify peer certificate
LogInit:  - bUseHttpProxy = false  - Libcurl will NOT use HTTP proxy
LogInit:  - bDontReuseConnections = false  - Libcurl will reuse connections
LogInit:  - MaxHostConnections = 16  - Libcurl will limit the number of connections to a host
LogInit:  - LocalHostAddr = Default
LogInit:  - BufferSize = 65536
LogOnline: OSS: Creating online subsystem instance for: NULL
LogInit: WinSock: version 1.1 (2.2), MaxSocks=32767, MaxUdp=65467
LogOnline: OSS: TryLoadSubsystemAndSetDefault: Loaded subsystem for module [NULL]
LogInit: Build: ++UE4+Release-4.25-CL-13594126
LogInit: Engine Version: 4.25.1-13594126+++UE4+Release-4.25
LogInit: Compatible Engine Version: 4.25.0-13144385+++UE4+Release-4.25
LogInit: Net CL: 13144385
LogInit: OS: Windows 10 (Release 2004) (), CPU: Intel(R) Core(TM) i7-7700K CPU @ 4.20GHz, GPU: NVIDIA GeForce GTX 1080 Ti
LogInit: Compiled (64-bit): Jun  2 2020 02:10:36
LogInit: Compiled with Visual C++: 19.24.28315.00
LogInit: Build Configuration: Development
LogInit: Branch Name: ++UE4+Release-4.25
LogInit: Command Line:  /Game/InfinityBladeGrassLands/Maps/ElvenRuins -game -PIEVIACONSOLE -Multiprocess "GameUserSettingsINI=D:/Unreal Projects/QuestSystem/Saved/Config/Windows/PIEGameUserSettings0.ini" -MultiprocessSaveConfig -MultiprocessOSS -messaging -SessionName="Play in Standalone Game" -windowed -ResX=1280 -ResY=720
LogInit: Base Directory: D:/Unreal Engines/UE_4.25/Engine/Binaries/Win64/
LogInit: Allocator: TBB
LogInit: Installed Engine Build: 1
LogDevObjectVersion: Number of dev versions registered: 26
LogDevObjectVersion:   Dev-Blueprints (B0D832E4-1F89-4F0D-ACCF-7EB736FD4AA2): 10
LogDevObjectVersion:   Dev-Build (E1C64328-A22C-4D53-A36C-8E866417BD8C): 0
LogDevObjectVersion:   Dev-Core (375EC13C-06E4-48FB-B500-84F0262A717E): 4
LogDevObjectVersion:   Dev-Editor (E4B068ED-F494-42E9-A231-DA0B2E46BB41): 38
LogDevObjectVersion:   Dev-Framework (CFFC743F-43B0-4480-9391-14DF171D2073): 37
LogDevObjectVersion:   Dev-Mobile (B02B49B5-BB20-44E9-A304-32B752E40360): 2
LogDevObjectVersion:   Dev-Networking (A4E4105C-59A1-49B5-A7C5-40C4547EDFEE): 0
LogDevObjectVersion:   Dev-Online (39C831C9-5AE6-47DC-9A44-9C173E1C8E7C): 0
LogDevObjectVersion:   Dev-Physics (78F01B33-EBEA-4F98-B9B4-84EACCB95AA2): 4
LogDevObjectVersion:   Dev-Platform (6631380F-2D4D-43E0-8009-CF276956A95A): 0
LogDevObjectVersion:   Dev-Rendering (12F88B9F-8875-4AFC-A67C-D90C383ABD29): 43
LogDevObjectVersion:   Dev-Sequencer (7B5AE74C-D270-4C10-A958-57980B212A5A): 12
LogDevObjectVersion:   Dev-VR (D7296918-1DD6-4BDD-9DE2-64A83CC13884): 3
LogDevObjectVersion:   Dev-LoadTimes (C2A15278-BFE7-4AFE-6C17-90FF531DF755): 1
LogDevObjectVersion:   Private-Geometry (6EACA3D4-40EC-4CC1-B786-8BED09428FC5): 3
LogDevObjectVersion:   Dev-AnimPhys (29E575DD-E0A3-4627-9D10-D276232CDCEA): 17
LogDevObjectVersion:   Dev-Anim (AF43A65D-7FD3-4947-9873-3E8ED9C1BB05): 7
LogDevObjectVersion:   Dev-ReflectionCapture (6B266CEC-1EC7-4B8F-A30B-E4D90942FC07): 1
LogDevObjectVersion:   Dev-Automation (0DF73D61-A23F-47EA-B727-89E90C41499A): 1
LogDevObjectVersion:   FortniteMain (601D1886-AC64-4F84-AA16-D3DE0DEAC7D6): 31
LogDevObjectVersion:   Dev-Enterprise (9DFFBCD6-494F-0158-E221-12823C92A888): 10
LogDevObjectVersion:   Dev-Niagara (F2AED0AC-9AFE-416F-8664-AA7FFA26D6FC): 1
LogDevObjectVersion:   Dev-Destruction (174F1F0B-B4C6-45A5-B13F-2EE8D0FB917D): 10
LogDevObjectVersion:   Dev-Physics-Ext (35F94A83-E258-406C-A318-09F59610247C): 37
LogDevObjectVersion:   Dev-PhysicsMaterial-Chaos (B68FC16E-8B1B-42E2-B453-215C058844FE): 1
LogDevObjectVersion:   Dev-CineCamera (B2E18506-4273-CFC2-A54E-F4BB758BBA07): 1
LogInit: Presizing for max 25165824 objects, including 0 objects not considered by GC, pre-allocating 0 bytes for permanent pool.
LogConfig: Applying CVar settings from Section [/Script/Engine.StreamingSettings] File [D:/Unreal Projects/QuestSystem/Saved/Config/Windows/Engine.ini]
LogConfig: Setting CVar [[s.MinBulkDataSizeForAsyncLoading:131072]]
LogConfig: Setting CVar [[s.AsyncLoadingThreadEnabled:0]]
LogConfig: Setting CVar [[s.EventDrivenLoaderEnabled:1]]
LogConfig: Setting CVar [[s.WarnIfTimeLimitExceeded:0]]
LogConfig: Setting CVar [[s.TimeLimitExceededMultiplier:1.5]]
LogConfig: Setting CVar [[s.TimeLimitExceededMinTime:0.005]]
LogConfig: Setting CVar [[s.UseBackgroundLevelStreaming:1]]
LogConfig: Setting CVar [[s.PriorityAsyncLoadingExtraTime:15.0]]
LogConfig: Setting CVar [[s.LevelStreamingActorsUpdateTimeLimit:5.0]]
LogConfig: Setting CVar [[s.PriorityLevelStreamingActorsUpdateExtraTime:5.0]]
LogConfig: Setting CVar [[s.LevelStreamingComponentsRegistrationGranularity:10]]
LogConfig: Setting CVar [[s.UnregisterComponentsTimeLimit:1.0]]
LogConfig: Setting CVar [[s.LevelStreamingComponentsUnregistrationGranularity:5]]
LogConfig: Setting CVar [[s.FlushStreamingOnExit:1]]
LogInit: Object subsystem initialized
LogConfig: Setting CVar [[con.DebugEarlyDefault:1]]
LogConfig: Setting CVar [[r.setres:1280x720]]
[2020.08.16-10.16.19:424][  0]LogConfig: Setting CVar [[con.DebugEarlyDefault:1]]
[2020.08.16-10.16.19:424][  0]LogConfig: Setting CVar [[r.setres:1280x720]]
[2020.08.16-10.16.19:424][  0]LogConfig: Applying CVar settings from Section [/Script/Engine.RendererSettings] File [D:/Unreal Projects/QuestSystem/Saved/Config/Windows/Engine.ini]
[2020.08.16-10.16.19:424][  0]LogConfig: Setting CVar [[r.GPUCrashDebugging:0]]
[2020.08.16-10.16.19:424][  0]LogConfig: Applying CVar settings from Section [/Script/Engine.RendererOverrideSettings] File [D:/Unreal Projects/QuestSystem/Saved/Config/Windows/Engine.ini]
[2020.08.16-10.16.19:424][  0]LogConfig: Applying CVar settings from Section [/Script/Engine.StreamingSettings] File [D:/Unreal Projects/QuestSystem/Saved/Config/Windows/Engine.ini]
[2020.08.16-10.16.19:424][  0]LogConfig: Setting CVar [[s.MinBulkDataSizeForAsyncLoading:131072]]
[2020.08.16-10.16.19:424][  0]LogConfig: Setting CVar [[s.AsyncLoadingThreadEnabled:0]]
[2020.08.16-10.16.19:424][  0]LogConfig: Setting CVar [[s.EventDrivenLoaderEnabled:1]]
[2020.08.16-10.16.19:424][  0]LogConfig: Setting CVar [[s.WarnIfTimeLimitExceeded:0]]
[2020.08.16-10.16.19:424][  0]LogConfig: Setting CVar [[s.TimeLimitExceededMultiplier:1.5]]
[2020.08.16-10.16.19:424][  0]LogConfig: Setting CVar [[s.TimeLimitExceededMinTime:0.005]]
[2020.08.16-10.16.19:424][  0]LogConfig: Setting CVar [[s.UseBackgroundLevelStreaming:1]]
[2020.08.16-10.16.19:424][  0]LogConfig: Setting CVar [[s.PriorityAsyncLoadingExtraTime:15.0]]
[2020.08.16-10.16.19:424][  0]LogConfig: Setting CVar [[s.LevelStreamingActorsUpdateTimeLimit:5.0]]
[2020.08.16-10.16.19:424][  0]LogConfig: Setting CVar [[s.PriorityLevelStreamingActorsUpdateExtraTime:5.0]]
[2020.08.16-10.16.19:424][  0]LogConfig: Setting CVar [[s.LevelStreamingComponentsRegistrationGranularity:10]]
[2020.08.16-10.16.19:424][  0]LogConfig: Setting CVar [[s.UnregisterComponentsTimeLimit:1.0]]
[2020.08.16-10.16.19:424][  0]LogConfig: Setting CVar [[s.LevelStreamingComponentsUnregistrationGranularity:5]]
[2020.08.16-10.16.19:424][  0]LogConfig: Setting CVar [[s.FlushStreamingOnExit:1]]
[2020.08.16-10.16.19:424][  0]LogConfig: Applying CVar settings from Section [/Script/Engine.GarbageCollectionSettings] File [D:/Unreal Projects/QuestSystem/Saved/Config/Windows/Engine.ini]
[2020.08.16-10.16.19:424][  0]LogConfig: Setting CVar [[gc.MaxObjectsNotConsideredByGC:1]]
[2020.08.16-10.16.19:424][  0]LogConfig: Setting CVar [[gc.SizeOfPermanentObjectPool:0]]
[2020.08.16-10.16.19:424][  0]LogConfig: Setting CVar [[gc.FlushStreamingOnGC:0]]
[2020.08.16-10.16.19:424][  0]LogConfig: Setting CVar [[gc.NumRetriesBeforeForcingGC:10]]
[2020.08.16-10.16.19:424][  0]LogConfig: Setting CVar [[gc.AllowParallelGC:1]]
[2020.08.16-10.16.19:424][  0]LogConfig: Setting CVar [[gc.TimeBetweenPurgingPendingKillObjects:61.1]]
[2020.08.16-10.16.19:424][  0]LogConfig: Setting CVar [[gc.MaxObjectsInEditor:25165824]]
[2020.08.16-10.16.19:424][  0]LogConfig: Setting CVar [[gc.IncrementalBeginDestroyEnabled:1]]
[2020.08.16-10.16.19:424][  0]LogConfig: Setting CVar [[gc.CreateGCClusters:1]]
[2020.08.16-10.16.19:424][  0]LogConfig: Setting CVar [[gc.MinGCClusterSize:5]]
[2020.08.16-10.16.19:424][  0]LogConfig: Setting CVar [[gc.ActorClusteringEnabled:0]]
[2020.08.16-10.16.19:424][  0]LogConfig: Setting CVar [[gc.BlueprintClusteringEnabled:0]]
[2020.08.16-10.16.19:424][  0]LogConfig: Setting CVar [[gc.UseDisregardForGCOnDedicatedServers:0]]
[2020.08.16-10.16.19:424][  0]LogConfig: Applying CVar settings from Section [/Script/Engine.NetworkSettings] File [D:/Unreal Projects/QuestSystem/Saved/Config/Windows/Engine.ini]
[2020.08.16-10.16.19:424][  0]LogConfig: Applying CVar settings from Section [/Script/UnrealEd.CookerSettings] File [D:/Unreal Projects/QuestSystem/Saved/Config/Windows/Engine.ini]
[2020.08.16-10.16.19:431][  0]LogConfig: Applying CVar settings from Section [ViewDistanceQuality@3] File [D:/Unreal Projects/QuestSystem/Saved/Config/Windows/Scalability.ini]
[2020.08.16-10.16.19:431][  0]LogConfig: Setting CVar [[r.SkeletalMeshLODBias:0]]
[2020.08.16-10.16.19:431][  0]LogConfig: Setting CVar [[r.ViewDistanceScale:1.0]]
[2020.08.16-10.16.19:431][  0]LogConfig: Applying CVar settings from Section [AntiAliasingQuality@3] File [D:/Unreal Projects/QuestSystem/Saved/Config/Windows/Scalability.ini]
[2020.08.16-10.16.19:432][  0]LogConfig: Setting CVar [[r.PostProcessAAQuality:4]]
[2020.08.16-10.16.19:432][  0]LogConfig: Applying CVar settings from Section [ShadowQuality@3] File [D:/Unreal Projects/QuestSystem/Saved/Config/Windows/Scalability.ini]
[2020.08.16-10.16.19:432][  0]LogConfig: Setting CVar [[r.LightFunctionQuality:1]]
[2020.08.16-10.16.19:432][  0]LogConfig: Setting CVar [[r.ShadowQuality:5]]
[2020.08.16-10.16.19:432][  0]LogConfig: Setting CVar [[r.Shadow.CSM.MaxCascades:10]]
[2020.08.16-10.16.19:432][  0]LogConfig: Setting CVar [[r.Shadow.MaxResolution:2048]]
[2020.08.16-10.16.19:432][  0]LogConfig: Setting CVar [[r.Shadow.MaxCSMResolution:2048]]
[2020.08.16-10.16.19:432][  0]LogConfig: Setting CVar [[r.Shadow.RadiusThreshold:0.01]]
[2020.08.16-10.16.19:432][  0]LogConfig: Setting CVar [[r.Shadow.DistanceScale:1.0]]
[2020.08.16-10.16.19:432][  0]LogConfig: Setting CVar [[r.Shadow.CSM.TransitionScale:1.0]]
[2020.08.16-10.16.19:432][  0]LogConfig: Setting CVar [[r.Shadow.PreShadowResolutionFactor:1.0]]
[2020.08.16-10.16.19:432][  0]LogConfig: Setting CVar [[r.DistanceFieldShadowing:1]]
[2020.08.16-10.16.19:432][  0]LogConfig: Setting CVar [[r.DistanceFieldAO:1]]
[2020.08.16-10.16.19:432][  0]LogConfig: Setting CVar [[r.AOQuality:2]]
[2020.08.16-10.16.19:432][  0]LogConfig: Setting CVar [[r.VolumetricFog:1]]
[2020.08.16-10.16.19:432][  0]LogConfig: Setting CVar [[r.VolumetricFog.GridPixelSize:8]]
[2020.08.16-10.16.19:432][  0]LogConfig: Setting CVar [[r.VolumetricFog.GridSizeZ:128]]
[2020.08.16-10.16.19:432][  0]LogConfig: Setting CVar [[r.VolumetricFog.HistoryMissSupersampleCount:4]]
[2020.08.16-10.16.19:432][  0]LogConfig: Setting CVar [[r.LightMaxDrawDistanceScale:1]]
[2020.08.16-10.16.19:432][  0]LogConfig: Setting CVar [[r.CapsuleShadows:1]]
[2020.08.16-10.16.19:432][  0]LogConfig: Applying CVar settings from Section [PostProcessQuality@3] File [D:/Unreal Projects/QuestSystem/Saved/Config/Windows/Scalability.ini]
[2020.08.16-10.16.19:432][  0]LogConfig: Setting CVar [[r.MotionBlurQuality:4]]
[2020.08.16-10.16.19:432][  0]LogConfig: Setting CVar [[r.AmbientOcclusionMipLevelFactor:0.4]]
[2020.08.16-10.16.19:432][  0]LogConfig: Setting CVar [[r.AmbientOcclusionMaxQuality:100]]
[2020.08.16-10.16.19:432][  0]LogConfig: Setting CVar [[r.AmbientOcclusionLevels:-1]]
[2020.08.16-10.16.19:432][  0]LogConfig: Setting CVar [[r.AmbientOcclusionRadiusScale:1.0]]
[2020.08.16-10.16.19:432][  0]LogConfig: Setting CVar [[r.DepthOfFieldQuality:2]]
[2020.08.16-10.16.19:432][  0]LogConfig: Setting CVar [[r.RenderTargetPoolMin:400]]
[2020.08.16-10.16.19:432][  0]LogConfig: Setting CVar [[r.LensFlareQuality:2]]
[2020.08.16-10.16.19:432][  0]LogConfig: Setting CVar [[r.SceneColorFringeQuality:1]]
[2020.08.16-10.16.19:432][  0]LogConfig: Setting CVar [[r.EyeAdaptationQuality:2]]
[2020.08.16-10.16.19:432][  0]LogConfig: Setting CVar [[r.BloomQuality:5]]
[2020.08.16-10.16.19:432][  0]LogConfig: Setting CVar [[r.FastBlurThreshold:100]]
[2020.08.16-10.16.19:432][  0]LogConfig: Setting CVar [[r.Upscale.Quality:3]]
[2020.08.16-10.16.19:432][  0]LogConfig: Setting CVar [[r.Tonemapper.GrainQuantization:1]]
[2020.08.16-10.16.19:432][  0]LogConfig: Setting CVar [[r.LightShaftQuality:1]]
[2020.08.16-10.16.19:432][  0]LogConfig: Setting CVar [[r.Filter.SizeScale:1]]
[2020.08.16-10.16.19:432][  0]LogConfig: Setting CVar [[r.Tonemapper.Quality:5]]
[2020.08.16-10.16.19:432][  0]LogConfig: Setting CVar [[r.DOF.Gather.AccumulatorQuality:1        ; higher gathering accumulator quality]]
[2020.08.16-10.16.19:432][  0]LogConfig: Setting CVar [[r.DOF.Gather.PostfilterMethod:1          ; Median3x3 postfilering method]]
[2020.08.16-10.16.19:432][  0]LogConfig: Setting CVar [[r.DOF.Gather.EnableBokehSettings:0       ; no bokeh simulation when gathering]]
[2020.08.16-10.16.19:432][  0]LogConfig: Setting CVar [[r.DOF.Gather.RingCount:4                 ; medium number of samples when gathering]]
[2020.08.16-10.16.19:432][  0]LogConfig: Setting CVar [[r.DOF.Scatter.ForegroundCompositing:1    ; additive foreground scattering]]
[2020.08.16-10.16.19:432][  0]LogConfig: Setting CVar [[r.DOF.Scatter.BackgroundCompositing:2    ; additive background scattering]]
[2020.08.16-10.16.19:432][  0]LogConfig: Setting CVar [[r.DOF.Scatter.EnableBokehSettings:1      ; bokeh simulation when scattering]]
[2020.08.16-10.16.19:432][  0]LogConfig: Setting CVar [[r.DOF.Scatter.MaxSpriteRatio:0.1         ; only a maximum of 10% of scattered bokeh]]
[2020.08.16-10.16.19:432][  0]LogConfig: Setting CVar [[r.DOF.Recombine.Quality:1                ; cheap slight out of focus]]
[2020.08.16-10.16.19:432][  0]LogConfig: Setting CVar [[r.DOF.Recombine.EnableBokehSettings:0    ; no bokeh simulation on slight out of focus]]
[2020.08.16-10.16.19:432][  0]LogConfig: Setting CVar [[r.DOF.TemporalAAQuality:1                ; more stable temporal accumulation]]
[2020.08.16-10.16.19:432][  0]LogConfig: Setting CVar [[r.DOF.Kernel.MaxForegroundRadius:0.025]]
[2020.08.16-10.16.19:432][  0]LogConfig: Setting CVar [[r.DOF.Kernel.MaxBackgroundRadius:0.025]]
[2020.08.16-10.16.19:432][  0]LogConfig: Applying CVar settings from Section [TextureQuality@3] File [D:/Unreal Projects/QuestSystem/Saved/Config/Windows/Scalability.ini]
[2020.08.16-10.16.19:432][  0]LogConfig: Setting CVar [[r.Streaming.MipBias:0]]
[2020.08.16-10.16.19:433][  0]LogConfig: Setting CVar [[r.Streaming.AmortizeCPUToGPUCopy:0]]
[2020.08.16-10.16.19:433][  0]LogConfig: Setting CVar [[r.Streaming.MaxNumTexturesToStreamPerFrame:0]]
[2020.08.16-10.16.19:433][  0]LogConfig: Setting CVar [[r.Streaming.Boost:1]]
[2020.08.16-10.16.19:433][  0]LogConfig: Setting CVar [[r.MaxAnisotropy:8]]
[2020.08.16-10.16.19:433][  0]LogConfig: Setting CVar [[r.VT.MaxAnisotropy:8]]
[2020.08.16-10.16.19:433][  0]LogConfig: Setting CVar [[r.Streaming.LimitPoolSizeToVRAM:0]]
[2020.08.16-10.16.19:433][  0]LogConfig: Setting CVar [[r.Streaming.PoolSize:1000]]
[2020.08.16-10.16.19:433][  0]LogConfig: Setting CVar [[r.Streaming.MaxEffectiveScreenSize:0]]
[2020.08.16-10.16.19:433][  0]LogConfig: Applying CVar settings from Section [EffectsQuality@3] File [D:/Unreal Projects/QuestSystem/Saved/Config/Windows/Scalability.ini]
[2020.08.16-10.16.19:433][  0]LogConfig: Setting CVar [[r.TranslucencyLightingVolumeDim:64]]
[2020.08.16-10.16.19:433][  0]LogConfig: Setting CVar [[r.RefractionQuality:2]]
[2020.08.16-10.16.19:433][  0]LogConfig: Setting CVar [[r.SSR.Quality:3]]
[2020.08.16-10.16.19:433][  0]LogConfig: Setting CVar [[r.SSR.HalfResSceneColor:0]]
[2020.08.16-10.16.19:433][  0]LogConfig: Setting CVar [[r.SceneColorFormat:4]]
[2020.08.16-10.16.19:433][  0]LogConfig: Setting CVar [[r.DetailMode:2]]
[2020.08.16-10.16.19:433][  0]LogConfig: Setting CVar [[r.TranslucencyVolumeBlur:1]]
[2020.08.16-10.16.19:433][  0]LogConfig: Setting CVar [[r.MaterialQualityLevel:1 ; High quality]]
[2020.08.16-10.16.19:433][  0]LogConfig: Setting CVar [[r.SSS.Scale:1]]
[2020.08.16-10.16.19:433][  0]LogConfig: Setting CVar [[r.SSS.SampleSet:2]]
[2020.08.16-10.16.19:433][  0]LogConfig: Setting CVar [[r.SSS.Quality:1]]
[2020.08.16-10.16.19:433][  0]LogConfig: Setting CVar [[r.SSS.HalfRes:0]]
[2020.08.16-10.16.19:433][  0]LogConfig: Setting CVar [[r.SSGI.Quality:3]]
[2020.08.16-10.16.19:433][  0]LogConfig: Setting CVar [[r.EmitterSpawnRateScale:1.0]]
[2020.08.16-10.16.19:433][  0]LogConfig: Setting CVar [[r.ParticleLightQuality:2]]
[2020.08.16-10.16.19:433][  0]LogConfig: Setting CVar [[r.SkyAtmosphere.AerialPerspectiveLUT.FastApplyOnOpaque:1 ; Always have FastSkyLUT 1 in this case to avoid wrong sky]]
[2020.08.16-10.16.19:433][  0]LogConfig: Setting CVar [[r.SkyAtmosphere.AerialPerspectiveLUT.SampleCountPerSlice:1]]
[2020.08.16-10.16.19:433][  0]LogConfig: Setting CVar [[r.SkyAtmosphere.AerialPerspectiveLUT.DepthResolution:16.0]]
[2020.08.16-10.16.19:433][  0]LogConfig: Setting CVar [[r.SkyAtmosphere.FastSkyLUT:1]]
[2020.08.16-10.16.19:433][  0]LogConfig: Setting CVar [[r.SkyAtmosphere.FastSkyLUT.SampleCountMin:4.0]]
[2020.08.16-10.16.19:433][  0]LogConfig: Setting CVar [[r.SkyAtmosphere.FastSkyLUT.SampleCountMax:32.0]]
[2020.08.16-10.16.19:433][  0]LogConfig: Setting CVar [[r.SkyAtmosphere.SampleCountMin:4.0]]
[2020.08.16-10.16.19:433][  0]LogConfig: Setting CVar [[r.SkyAtmosphere.SampleCountMax:32.0]]
[2020.08.16-10.16.19:433][  0]LogConfig: Setting CVar [[r.SkyAtmosphere.TransmittanceLUT.UseSmallFormat:0]]
[2020.08.16-10.16.19:433][  0]LogConfig: Setting CVar [[r.SkyAtmosphere.TransmittanceLUT.SampleCount:10.0]]
[2020.08.16-10.16.19:433][  0]LogConfig: Setting CVar [[r.SkyAtmosphere.MultiScatteringLUT.SampleCount:15.0]]
[2020.08.16-10.16.19:433][  0]LogConfig: Applying CVar settings from Section [FoliageQuality@3] File [D:/Unreal Projects/QuestSystem/Saved/Config/Windows/Scalability.ini]
[2020.08.16-10.16.19:433][  0]LogConfig: Setting CVar [[foliage.DensityScale:1.0]]
[2020.08.16-10.16.19:433][  0]LogConfig: Setting CVar [[grass.DensityScale:1.0]]
[2020.08.16-10.16.19:433][  0]LogConfig: Applying CVar settings from Section [ShadingQuality@3] File [D:/Unreal Projects/QuestSystem/Saved/Config/Windows/Scalability.ini]
[2020.08.16-10.16.19:433][  0]LogConfig: Setting CVar [[r.HairStrands.SkyLighting.SampleCount:16]]
[2020.08.16-10.16.19:433][  0]LogConfig: Setting CVar [[r.HairStrands.SkyLighting.JitterIntegration:0]]
[2020.08.16-10.16.19:433][  0]LogConfig: Setting CVar [[r.HairStrands.SkyAO.SampleCount:16]]
[2020.08.16-10.16.19:433][  0]LogConfig: Setting CVar [[r.HairStrands.DeepShadow.SuperSampling:0]]
[2020.08.16-10.16.19:433][  0]LogConfig: Setting CVar [[r.HairStrands.VisibilityPPLL:0]]
[2020.08.16-10.16.19:433][  0]LogConfig: Setting CVar [[r.HairStrands.RasterizationScale:0.5]]
[2020.08.16-10.16.19:433][  0]LogConfig: Setting CVar [[r.HairStrands.VelocityRasterizationScale:1]]
[2020.08.16-10.16.19:433][  0]LogInit: Selected Device Profile: [Windows]
[2020.08.16-10.16.19:434][  0]LogInit: Applying CVar settings loaded from the selected device profile: [Windows]
[2020.08.16-10.16.19:434][  0]LogHAL: Display: Platform has ~ 32 GB [34286804992 / 34359738368 / 32], which maps to Largest [LargestMinGB=32, LargerMinGB=12, DefaultMinGB=8, SmallerMinGB=6, SmallestMinGB=0)
[2020.08.16-10.16.19:434][  0]LogInit: Going up to parent DeviceProfile []
[2020.08.16-10.16.19:434][  0]LogConfig: Applying CVar settings from Section [ViewDistanceQuality@3] File [D:/Unreal Projects/QuestSystem/Saved/Config/Windows/Scalability.ini]
[2020.08.16-10.16.19:434][  0]LogConfig: Setting CVar [[r.SkeletalMeshLODBias:0]]
[2020.08.16-10.16.19:434][  0]LogConfig: Setting CVar [[r.ViewDistanceScale:1.0]]
[2020.08.16-10.16.19:434][  0]LogConfig: Applying CVar settings from Section [AntiAliasingQuality@3] File [D:/Unreal Projects/QuestSystem/Saved/Config/Windows/Scalability.ini]
[2020.08.16-10.16.19:434][  0]LogConfig: Setting CVar [[r.PostProcessAAQuality:4]]
[2020.08.16-10.16.19:434][  0]LogConfig: Applying CVar settings from Section [ShadowQuality@3] File [D:/Unreal Projects/QuestSystem/Saved/Config/Windows/Scalability.ini]
[2020.08.16-10.16.19:434][  0]LogConfig: Setting CVar [[r.LightFunctionQuality:1]]
[2020.08.16-10.16.19:434][  0]LogConfig: Setting CVar [[r.ShadowQuality:5]]
[2020.08.16-10.16.19:434][  0]LogConfig: Setting CVar [[r.Shadow.CSM.MaxCascades:10]]
[2020.08.16-10.16.19:434][  0]LogConfig: Setting CVar [[r.Shadow.MaxResolution:2048]]
[2020.08.16-10.16.19:434][  0]LogConfig: Setting CVar [[r.Shadow.MaxCSMResolution:2048]]
[2020.08.16-10.16.19:434][  0]LogConfig: Setting CVar [[r.Shadow.RadiusThreshold:0.01]]
[2020.08.16-10.16.19:434][  0]LogConfig: Setting CVar [[r.Shadow.DistanceScale:1.0]]
[2020.08.16-10.16.19:434][  0]LogConfig: Setting CVar [[r.Shadow.CSM.TransitionScale:1.0]]
[2020.08.16-10.16.19:434][  0]LogConfig: Setting CVar [[r.Shadow.PreShadowResolutionFactor:1.0]]
[2020.08.16-10.16.19:434][  0]LogConfig: Setting CVar [[r.DistanceFieldShadowing:1]]
[2020.08.16-10.16.19:434][  0]LogConfig: Setting CVar [[r.DistanceFieldAO:1]]
[2020.08.16-10.16.19:434][  0]LogConfig: Setting CVar [[r.AOQuality:2]]
[2020.08.16-10.16.19:434][  0]LogConfig: Setting CVar [[r.VolumetricFog:1]]
[2020.08.16-10.16.19:434][  0]LogConfig: Setting CVar [[r.VolumetricFog.GridPixelSize:8]]
[2020.08.16-10.16.19:434][  0]LogConfig: Setting CVar [[r.VolumetricFog.GridSizeZ:128]]
[2020.08.16-10.16.19:434][  0]LogConfig: Setting CVar [[r.VolumetricFog.HistoryMissSupersampleCount:4]]
[2020.08.16-10.16.19:434][  0]LogConfig: Setting CVar [[r.LightMaxDrawDistanceScale:1]]
[2020.08.16-10.16.19:434][  0]LogConfig: Setting CVar [[r.CapsuleShadows:1]]
[2020.08.16-10.16.19:434][  0]LogConfig: Applying CVar settings from Section [PostProcessQuality@3] File [D:/Unreal Projects/QuestSystem/Saved/Config/Windows/Scalability.ini]
[2020.08.16-10.16.19:434][  0]LogConfig: Setting CVar [[r.MotionBlurQuality:4]]
[2020.08.16-10.16.19:434][  0]LogConfig: Setting CVar [[r.AmbientOcclusionMipLevelFactor:0.4]]
[2020.08.16-10.16.19:434][  0]LogConfig: Setting CVar [[r.AmbientOcclusionMaxQuality:100]]
[2020.08.16-10.16.19:434][  0]LogConfig: Setting CVar [[r.AmbientOcclusionLevels:-1]]
[2020.08.16-10.16.19:434][  0]LogConfig: Setting CVar [[r.AmbientOcclusionRadiusScale:1.0]]
[2020.08.16-10.16.19:434][  0]LogConfig: Setting CVar [[r.DepthOfFieldQuality:2]]
[2020.08.16-10.16.19:434][  0]LogConfig: Setting CVar [[r.RenderTargetPoolMin:400]]
[2020.08.16-10.16.19:434][  0]LogConfig: Setting CVar [[r.LensFlareQuality:2]]
[2020.08.16-10.16.19:434][  0]LogConfig: Setting CVar [[r.SceneColorFringeQuality:1]]
[2020.08.16-10.16.19:434][  0]LogConfig: Setting CVar [[r.EyeAdaptationQuality:2]]
[2020.08.16-10.16.19:434][  0]LogConfig: Setting CVar [[r.BloomQuality:5]]
[2020.08.16-10.16.19:434][  0]LogConfig: Setting CVar [[r.FastBlurThreshold:100]]
[2020.08.16-10.16.19:434][  0]LogConfig: Setting CVar [[r.Upscale.Quality:3]]
[2020.08.16-10.16.19:434][  0]LogConfig: Setting CVar [[r.Tonemapper.GrainQuantization:1]]
[2020.08.16-10.16.19:434][  0]LogConfig: Setting CVar [[r.LightShaftQuality:1]]
[2020.08.16-10.16.19:434][  0]LogConfig: Setting CVar [[r.Filter.SizeScale:1]]
[2020.08.16-10.16.19:434][  0]LogConfig: Setting CVar [[r.Tonemapper.Quality:5]]
[2020.08.16-10.16.19:434][  0]LogConfig: Setting CVar [[r.DOF.Gather.AccumulatorQuality:1        ; higher gathering accumulator quality]]
[2020.08.16-10.16.19:434][  0]LogConfig: Setting CVar [[r.DOF.Gather.PostfilterMethod:1          ; Median3x3 postfilering method]]
[2020.08.16-10.16.19:434][  0]LogConfig: Setting CVar [[r.DOF.Gather.EnableBokehSettings:0       ; no bokeh simulation when gathering]]
[2020.08.16-10.16.19:434][  0]LogConfig: Setting CVar [[r.DOF.Gather.RingCount:4                 ; medium number of samples when gathering]]
[2020.08.16-10.16.19:435][  0]LogConfig: Setting CVar [[r.DOF.Scatter.ForegroundCompositing:1    ; additive foreground scattering]]
[2020.08.16-10.16.19:435][  0]LogConfig: Setting CVar [[r.DOF.Scatter.BackgroundCompositing:2    ; additive background scattering]]
[2020.08.16-10.16.19:435][  0]LogConfig: Setting CVar [[r.DOF.Scatter.EnableBokehSettings:1      ; bokeh simulation when scattering]]
[2020.08.16-10.16.19:435][  0]LogConfig: Setting CVar [[r.DOF.Scatter.MaxSpriteRatio:0.1         ; only a maximum of 10% of scattered bokeh]]
[2020.08.16-10.16.19:435][  0]LogConfig: Setting CVar [[r.DOF.Recombine.Quality:1                ; cheap slight out of focus]]
[2020.08.16-10.16.19:435][  0]LogConfig: Setting CVar [[r.DOF.Recombine.EnableBokehSettings:0    ; no bokeh simulation on slight out of focus]]
[2020.08.16-10.16.19:435][  0]LogConfig: Setting CVar [[r.DOF.TemporalAAQuality:1                ; more stable temporal accumulation]]
[2020.08.16-10.16.19:435][  0]LogConfig: Setting CVar [[r.DOF.Kernel.MaxForegroundRadius:0.025]]
[2020.08.16-10.16.19:435][  0]LogConfig: Setting CVar [[r.DOF.Kernel.MaxBackgroundRadius:0.025]]
[2020.08.16-10.16.19:435][  0]LogConfig: Applying CVar settings from Section [TextureQuality@3] File [D:/Unreal Projects/QuestSystem/Saved/Config/Windows/Scalability.ini]
[2020.08.16-10.16.19:435][  0]LogConfig: Setting CVar [[r.Streaming.MipBias:0]]
[2020.08.16-10.16.19:435][  0]LogConfig: Setting CVar [[r.Streaming.AmortizeCPUToGPUCopy:0]]
[2020.08.16-10.16.19:435][  0]LogConfig: Setting CVar [[r.Streaming.MaxNumTexturesToStreamPerFrame:0]]
[2020.08.16-10.16.19:435][  0]LogConfig: Setting CVar [[r.Streaming.Boost:1]]
[2020.08.16-10.16.19:435][  0]LogConfig: Setting CVar [[r.MaxAnisotropy:8]]
[2020.08.16-10.16.19:435][  0]LogConfig: Setting CVar [[r.VT.MaxAnisotropy:8]]
[2020.08.16-10.16.19:435][  0]LogConfig: Setting CVar [[r.Streaming.LimitPoolSizeToVRAM:0]]
[2020.08.16-10.16.19:435][  0]LogConfig: Setting CVar [[r.Streaming.PoolSize:1000]]
[2020.08.16-10.16.19:435][  0]LogConfig: Setting CVar [[r.Streaming.MaxEffectiveScreenSize:0]]
[2020.08.16-10.16.19:435][  0]LogConfig: Applying CVar settings from Section [EffectsQuality@3] File [D:/Unreal Projects/QuestSystem/Saved/Config/Windows/Scalability.ini]
[2020.08.16-10.16.19:435][  0]LogConfig: Setting CVar [[r.TranslucencyLightingVolumeDim:64]]
[2020.08.16-10.16.19:435][  0]LogConfig: Setting CVar [[r.RefractionQuality:2]]
[2020.08.16-10.16.19:435][  0]LogConfig: Setting CVar [[r.SSR.Quality:3]]
[2020.08.16-10.16.19:435][  0]LogConfig: Setting CVar [[r.SSR.HalfResSceneColor:0]]
[2020.08.16-10.16.19:435][  0]LogConfig: Setting CVar [[r.SceneColorFormat:4]]
[2020.08.16-10.16.19:435][  0]LogConfig: Setting CVar [[r.DetailMode:2]]
[2020.08.16-10.16.19:435][  0]LogConfig: Setting CVar [[r.TranslucencyVolumeBlur:1]]
[2020.08.16-10.16.19:435][  0]LogConfig: Setting CVar [[r.MaterialQualityLevel:1 ; High quality]]
[2020.08.16-10.16.19:435][  0]LogConfig: Setting CVar [[r.SSS.Scale:1]]
[2020.08.16-10.16.19:435][  0]LogConfig: Setting CVar [[r.SSS.SampleSet:2]]
[2020.08.16-10.16.19:435][  0]LogConfig: Setting CVar [[r.SSS.Quality:1]]
[2020.08.16-10.16.19:435][  0]LogConfig: Setting CVar [[r.SSS.HalfRes:0]]
[2020.08.16-10.16.19:435][  0]LogConfig: Setting CVar [[r.SSGI.Quality:3]]
[2020.08.16-10.16.19:435][  0]LogConfig: Setting CVar [[r.EmitterSpawnRateScale:1.0]]
[2020.08.16-10.16.19:435][  0]LogConfig: Setting CVar [[r.ParticleLightQuality:2]]
[2020.08.16-10.16.19:435][  0]LogConfig: Setting CVar [[r.SkyAtmosphere.AerialPerspectiveLUT.FastApplyOnOpaque:1 ; Always have FastSkyLUT 1 in this case to avoid wrong sky]]
[2020.08.16-10.16.19:435][  0]LogConfig: Setting CVar [[r.SkyAtmosphere.AerialPerspectiveLUT.SampleCountPerSlice:1]]
[2020.08.16-10.16.19:435][  0]LogConfig: Setting CVar [[r.SkyAtmosphere.AerialPerspectiveLUT.DepthResolution:16.0]]
[2020.08.16-10.16.19:435][  0]LogConfig: Setting CVar [[r.SkyAtmosphere.FastSkyLUT:1]]
[2020.08.16-10.16.19:435][  0]LogConfig: Setting CVar [[r.SkyAtmosphere.FastSkyLUT.SampleCountMin:4.0]]
[2020.08.16-10.16.19:435][  0]LogConfig: Setting CVar [[r.SkyAtmosphere.FastSkyLUT.SampleCountMax:32.0]]
[2020.08.16-10.16.19:435][  0]LogConfig: Setting CVar [[r.SkyAtmosphere.SampleCountMin:4.0]]
[2020.08.16-10.16.19:435][  0]LogConfig: Setting CVar [[r.SkyAtmosphere.SampleCountMax:32.0]]
[2020.08.16-10.16.19:435][  0]LogConfig: Setting CVar [[r.SkyAtmosphere.TransmittanceLUT.UseSmallFormat:0]]
[2020.08.16-10.16.19:435][  0]LogConfig: Setting CVar [[r.SkyAtmosphere.TransmittanceLUT.SampleCount:10.0]]
[2020.08.16-10.16.19:435][  0]LogConfig: Setting CVar [[r.SkyAtmosphere.MultiScatteringLUT.SampleCount:15.0]]
[2020.08.16-10.16.19:436][  0]LogConfig: Applying CVar settings from Section [FoliageQuality@3] File [D:/Unreal Projects/QuestSystem/Saved/Config/Windows/Scalability.ini]
[2020.08.16-10.16.19:436][  0]LogConfig: Setting CVar [[foliage.DensityScale:1.0]]
[2020.08.16-10.16.19:436][  0]LogConfig: Setting CVar [[grass.DensityScale:1.0]]
[2020.08.16-10.16.19:436][  0]LogConfig: Applying CVar settings from Section [ShadingQuality@3] File [D:/Unreal Projects/QuestSystem/Saved/Config/Windows/Scalability.ini]
[2020.08.16-10.16.19:436][  0]LogConfig: Setting CVar [[r.HairStrands.SkyLighting.SampleCount:16]]
[2020.08.16-10.16.19:436][  0]LogConfig: Setting CVar [[r.HairStrands.SkyLighting.JitterIntegration:0]]
[2020.08.16-10.16.19:436][  0]LogConfig: Setting CVar [[r.HairStrands.SkyAO.SampleCount:16]]
[2020.08.16-10.16.19:436][  0]LogConfig: Setting CVar [[r.HairStrands.DeepShadow.SuperSampling:0]]
[2020.08.16-10.16.19:436][  0]LogConfig: Setting CVar [[r.HairStrands.VisibilityPPLL:0]]
[2020.08.16-10.16.19:436][  0]LogConfig: Setting CVar [[r.HairStrands.RasterizationScale:0.5]]
[2020.08.16-10.16.19:436][  0]LogConfig: Setting CVar [[r.HairStrands.VelocityRasterizationScale:1]]
[2020.08.16-10.16.19:436][  0]LogConfig: Applying CVar settings from Section [Startup] File [../../../Engine/Config/ConsoleVariables.ini]
[2020.08.16-10.16.19:436][  0]LogConfig: Setting CVar [[net.UseAdaptiveNetUpdateFrequency:0]]
[2020.08.16-10.16.19:436][  0]LogConfig: Setting CVar [[p.chaos.AllowCreatePhysxBodies:1]]
[2020.08.16-10.16.19:436][  0]LogConfig: Setting CVar [[fx.SkipVectorVMBackendOptimizations:1]]
[2020.08.16-10.16.19:436][  0]LogConfig: Applying CVar settings from Section [ConsoleVariables] File [D:/Unreal Projects/QuestSystem/Saved/Config/Windows/Engine.ini]
[2020.08.16-10.16.19:436][  0]LogInit: Computer: DESKTOP-3H7B40H
[2020.08.16-10.16.19:436][  0]LogInit: User: nitro
[2020.08.16-10.16.19:436][  0]LogInit: CPU Page size=4096, Cores=4
[2020.08.16-10.16.19:436][  0]LogInit: High frequency timer resolution =10.000000 MHz
[2020.08.16-10.16.19:437][  0]LogMemory: Memory total: Physical=31.9GB (32GB approx)
[2020.08.16-10.16.19:437][  0]LogMemory: Platform Memory Stats for Windows
[2020.08.16-10.16.19:437][  0]LogMemory: Process Physical Memory: 120.77 MB used, 120.77 MB peak
[2020.08.16-10.16.19:437][  0]LogMemory: Process Virtual Memory: 108.64 MB used, 108.64 MB peak
[2020.08.16-10.16.19:437][  0]LogMemory: Physical Memory: 16350.15 MB used,  16348.30 MB free, 32698.45 MB total
[2020.08.16-10.16.19:437][  0]LogMemory: Virtual Memory: 5162.12 MB used,  134212568.00 MB free, 134217728.00 MB total
[2020.08.16-10.16.19:444][  0]LogWindows: WindowsPlatformFeatures enabled
[2020.08.16-10.16.19:494][  0]LogInit: Physics initialised using underlying interface: PhysX
[2020.08.16-10.16.19:494][  0]LogInit: Using OS detected language (en-US).
[2020.08.16-10.16.19:494][  0]LogInit: Using OS detected locale (en-150).
[2020.08.16-10.16.19:496][  0]LogTextLocalizationManager: No specific localization for 'en-US' exists, so the 'en' localization will be used.
[2020.08.16-10.16.19:795][  0]LogSlate: New Slate User Created.  User Index 0, Is Virtual User: 0
[2020.08.16-10.16.19:795][  0]LogSlate: Slate User Registered.  User Index 0, Is Virtual User: 0
[2020.08.16-10.16.19:811][  0]LogHMD: Failed to initialize OpenVR with code 110
[2020.08.16-10.16.19:811][  0]LogD3D11RHI: D3D11 min allowed feature level: 11_0
[2020.08.16-10.16.19:811][  0]LogD3D11RHI: D3D11 max allowed feature level: 11_0
[2020.08.16-10.16.19:811][  0]LogD3D11RHI: D3D11 adapters:
[2020.08.16-10.16.19:921][  0]LogD3D11RHI:    0. 'NVIDIA GeForce GTX 1080 Ti' (Feature Level 11_0)
[2020.08.16-10.16.19:922][  0]LogD3D11RHI:       11127/0/16349 MB DedicatedVideo/DedicatedSystem/SharedSystem, Outputs:2, VendorId:0x10de
[2020.08.16-10.16.19:926][  0]LogD3D11RHI:    1. 'Microsoft Basic Render Driver' (Feature Level 11_0)
[2020.08.16-10.16.19:926][  0]LogD3D11RHI:       0/0/16349 MB DedicatedVideo/DedicatedSystem/SharedSystem, Outputs:0, VendorId:0x1414
[2020.08.16-10.16.19:926][  0]LogD3D11RHI: Chosen D3D11 Adapter: 0
[2020.08.16-10.16.19:938][  0]LogD3D11RHI: Creating new Direct3DDevice
[2020.08.16-10.16.19:938][  0]LogD3D11RHI:     GPU DeviceId: 0x1b06 (for the marketing name, search the web for "GPU Device Id")
[2020.08.16-10.16.19:938][  0]LogWindows: EnumDisplayDevices:
[2020.08.16-10.16.19:938][  0]LogWindows:    0. 'NVIDIA GeForce GTX 1080 Ti' (P:1 D:1)
[2020.08.16-10.16.19:938][  0]LogWindows:    1. 'NVIDIA GeForce GTX 1080 Ti' (P:0 D:1)
[2020.08.16-10.16.19:939][  0]LogWindows:    2. 'NVIDIA GeForce GTX 1080 Ti' (P:0 D:0)
[2020.08.16-10.16.19:939][  0]LogWindows:    3. 'NVIDIA GeForce GTX 1080 Ti' (P:0 D:0)
[2020.08.16-10.16.19:939][  0]LogWindows: DebugString: FoundDriverCount:4 
[2020.08.16-10.16.19:939][  0]LogD3D11RHI:     Adapter Name: NVIDIA GeForce GTX 1080 Ti
[2020.08.16-10.16.19:939][  0]LogD3D11RHI:   Driver Version: 451.67 (internal:27.21.14.5167, unified:451.67)
[2020.08.16-10.16.19:939][  0]LogD3D11RHI:      Driver Date: 7-5-2020
[2020.08.16-10.16.19:939][  0]LogRHI: Texture pool is 7788 MB (70% of 11127 MB)
[2020.08.16-10.16.20:014][  0]LogD3D11RHI: RHI has support for 64 bit atomics
[2020.08.16-10.16.20:015][  0]LogD3D11RHI: Async texture creation enabled
[2020.08.16-10.16.20:015][  0]LogD3D11RHI: Array index from any shader is supported
[2020.08.16-10.16.20:047][  0]LogD3D11RHI: GPU Timing Frequency: 1000.000000 (Debug: 2 2)
[2020.08.16-10.16.20:480][  0]LogTargetPlatformManager: Display: Loaded TargetPlatform 'WindowsNoEditor'
[2020.08.16-10.16.20:485][  0]LogTargetPlatformManager: Display: Loaded TargetPlatform 'Windows'
[2020.08.16-10.16.20:498][  0]LogTargetPlatformManager: Display: Loaded TargetPlatform 'WindowsClient'
[2020.08.16-10.16.20:510][  0]LogTargetPlatformManager: Display: Loaded TargetPlatform 'WindowsServer'
[2020.08.16-10.16.20:510][  0]LogTargetPlatformManager: Display: Building Assets For Windows
[2020.08.16-10.16.20:523][  0]LogAudioDebug: Display: Lib vorbis DLL was dynamically loaded.
[2020.08.16-10.16.20:613][  0]LogShaderCompilers: Guid format shader working directory is 3 characters bigger than the processId version (../../../../../Unreal Projects/QuestSystem/Intermediate/Shaders/WorkingDirectory/19820/).
[2020.08.16-10.16.20:613][  0]LogShaderCompilers: Cleaned the shader compiler working directory 'C:/Users/nitro/AppData/Local/Temp/UnrealShaderWorkingDir/BB695F4D41537DBB745005B925F7725E/'.
[2020.08.16-10.16.20:614][  0]LogXGEController: Cannot use XGE Controller as Incredibuild is not installed on this machine.
[2020.08.16-10.16.20:614][  0]LogShaderCompilers: Cannot use XGE Shader Compiler as Incredibuild is not installed on this machine.
[2020.08.16-10.16.20:614][  0]LogShaderCompilers: Display: Using Local Shader Compiler.
[2020.08.16-10.16.21:688][  0]LogDerivedDataCache: Display: Max Cache Size: 512 MB
[2020.08.16-10.16.21:759][  0]LogDerivedDataCache: Loaded boot cache 0.07s 75MB C:/Users/nitro/AppData/Local/UnrealEngine/4.25/DerivedDataCache/Boot.ddc.
[2020.08.16-10.16.21:760][  0]LogDerivedDataCache: Display: Loaded Boot cache: C:/Users/nitro/AppData/Local/UnrealEngine/4.25/DerivedDataCache/Boot.ddc
[2020.08.16-10.16.21:760][  0]LogDerivedDataCache: FDerivedDataBackendGraph:  Pak pak cache file ../../../../../Unreal Projects/QuestSystem/DerivedDataCache/DDC.ddp not found, will not use a pak cache.
[2020.08.16-10.16.21:760][  0]LogDerivedDataCache: Unable to find inner node Pak for hierarchical cache Hierarchy.
[2020.08.16-10.16.21:760][  0]LogDerivedDataCache: FDerivedDataBackendGraph:  CompressedPak pak cache file ../../../../../Unreal Projects/QuestSystem/DerivedDataCache/Compressed.ddp not found, will not use a pak cache.
[2020.08.16-10.16.21:760][  0]LogDerivedDataCache: Unable to find inner node CompressedPak for hierarchical cache Hierarchy.
[2020.08.16-10.16.21:772][  0]LogDerivedDataCache: Display: Pak cache opened for reading ../../../Engine/DerivedDataCache/Compressed.ddp.
[2020.08.16-10.16.21:772][  0]LogDerivedDataCache: FDerivedDataBackendGraph:  EnterprisePak pak cache file ../../../Enterprise/DerivedDataCache/Compressed.ddp not found, will not use a pak cache.
[2020.08.16-10.16.21:772][  0]LogDerivedDataCache: Unable to find inner node EnterprisePak for hierarchical cache Hierarchy.
[2020.08.16-10.16.21:774][  0]LogDerivedDataCache: Using Local data cache path C:/Users/nitro/AppData/Local/UnrealEngine/Common/DerivedDataCache: Writable
[2020.08.16-10.16.21:774][  0]LogDerivedDataCache: Shared data cache path not found in *engine.ini, will not use an Shared cache.
[2020.08.16-10.16.21:774][  0]LogDerivedDataCache: Unable to find inner node Shared for hierarchical cache Hierarchy.
[2020.08.16-10.16.21:830][  0]LogSlate: Using FreeType 2.10.0
[2020.08.16-10.16.21:831][  0]LogSlate: SlateFontServices - WITH_FREETYPE: 1, WITH_HARFBUZZ: 1
[2020.08.16-10.16.21:924][  0]LogInit: Using OS detected language (en-US).
[2020.08.16-10.16.21:924][  0]LogInit: Using OS detected locale (en-150).
[2020.08.16-10.16.21:924][  0]LogTextLocalizationManager: No localization for 'en-US' exists, so 'en' will be used for the language.
[2020.08.16-10.16.21:924][  0]LogTextLocalizationManager: No localization for 'en-150' exists, so 'en' will be used for the locale.
[2020.08.16-10.16.21:924][  0]LogSlate: FontCache flush requested. Reason: Culture for localization was changed
[2020.08.16-10.16.21:924][  0]LogSlate: FontCache flush requested. Reason: Culture for localization was changed
[2020.08.16-10.16.21:927][  0]LogTextLocalizationManager: Compacting localization data took   0.00ms
[2020.08.16-10.16.21:931][  0]LogAssetRegistry: FAssetRegistry took 0.0023 seconds to start up
[2020.08.16-10.16.22:171][  0]LogPackageLocalizationCache: Processed 21 localized package path(s) for 1 prioritized culture(s) in 0.001482 seconds
[2020.08.16-10.16.22:260][  0]LogInit: Selected Device Profile: [Windows]
[2020.08.16-10.16.22:412][  0]LogMeshReduction: Using QuadricMeshReduction for automatic static mesh reduction
[2020.08.16-10.16.22:412][  0]LogMeshReduction: Using SimplygonMeshReduction for automatic skeletal mesh reduction
[2020.08.16-10.16.22:412][  0]LogMeshReduction: Using ProxyLODMeshReduction for automatic mesh merging
[2020.08.16-10.16.22:412][  0]LogMeshReduction: No distributed automatic mesh merging module available
[2020.08.16-10.16.22:412][  0]LogMeshMerging: No distributed automatic mesh merging module available
[2020.08.16-10.16.22:435][  0]LogNetVersion: QuestSystem 1.0.0, NetCL: 13144385, EngineNetVer: 14, GameNetVer: 0 (Checksum: 541247401)
[2020.08.16-10.16.22:795][  0]LogAISub: UAISubsystem::UAISubsystem AISubsystem (00000174B53C3840), frame # 0
[2020.08.16-10.16.22:795][  0]LogAISub: UAISubsystem::UAISubsystem AIPerceptionSystem (00000174B5400180), frame # 0
[2020.08.16-10.16.22:797][  0]LogAISub: UAISubsystem::UAISubsystem EnvQueryManager (00000174B5421A00), frame # 0
[2020.08.16-10.16.22:914][  0]LogCollectionManager: Loaded 0 collections in 0.001335 seconds
[2020.08.16-10.16.22:918][  0]LogFileCache: Scanning file cache for directory 'D:/Unreal Projects/QuestSystem/Saved/Collections/' took 0.00s
[2020.08.16-10.16.22:918][  0]LogFileCache: Scanning file cache for directory 'D:/Unreal Projects/QuestSystem/Content/Developers/nitro/Collections/' took 0.00s
[2020.08.16-10.16.22:918][  0]LogFileCache: Scanning file cache for directory 'D:/Unreal Projects/QuestSystem/Content/Collections/' took 0.00s
[2020.08.16-10.16.22:918][  0]LogCollectionManager: Fixed up redirectors for 0 collections in 0.000005 seconds (updated 0 objects)
[2020.08.16-10.16.23:002][  0]LogMoviePlayer: Initializing movie player
[2020.08.16-10.16.23:219][  0]LogTcpMessaging: Initializing TcpMessaging bridge
[2020.08.16-10.16.23:225][  0]LogUdpMessaging: Initializing bridge on interface 0.0.0.0:0 to multicast group 230.0.0.1:6666.
[2020.08.16-10.16.23:288][  0]SourceControl: Source control is disabled
[2020.08.16-10.16.23:288][  0]SourceControl: Source control is disabled
[2020.08.16-10.16.23:299][  0]SourceControl: Source control is disabled
[2020.08.16-10.16.23:485][  0]LogAndroidPermission: UAndroidPermissionCallbackProxy::GetInstance
[2020.08.16-10.16.23:509][  0]LogAudioCaptureCore: Display: No Audio Capture implementations found. Audio input will be silent.
[2020.08.16-10.16.23:509][  0]LogAudioCaptureCore: Display: No Audio Capture implementations found. Audio input will be silent.
[2020.08.16-10.16.23:572][  0]LogOcInput: OculusInput pre-init called
[2020.08.16-10.16.23:593][  0]LogUObjectArray: 19068 objects as part of root set at end of initial load.
[2020.08.16-10.16.23:593][  0]LogUObjectAllocator: 5017232 out of 0 bytes used by permanent object pool.
[2020.08.16-10.16.23:593][  0]LogUObjectArray: CloseDisregardForGC: 0/0 objects in disregard for GC pool
[2020.08.16-10.16.23:643][  0]LogEngine: Initializing Engine...
[2020.08.16-10.16.23:645][  0]LogHMD: Failed to initialize OpenVR with code 110
[2020.08.16-10.16.23:645][  0]LogMagicLeap: Warning: VR disabled because ZI is not enabled.  To enable, in the editor, Edit -> Project Settings -> Plugins -> Magic Leap Plugin -> Enable Zero Iteration
[2020.08.16-10.16.23:647][  0]LogStats: UGameplayTagsManager::InitializeManager -  0.000 s
[2020.08.16-10.16.23:791][  0]LogInit: Initializing FReadOnlyCVARCache
[2020.08.16-10.16.23:798][  0]LogAudioMixer: Display: Audio Mixer Platform Settings:
[2020.08.16-10.16.23:798][  0]LogAudioMixer: Display: 	Sample Rate:						  48000
[2020.08.16-10.16.23:798][  0]LogAudioMixer: Display: 	Callback Buffer Frame Size Requested: 1024
[2020.08.16-10.16.23:798][  0]LogAudioMixer: Display: 	Callback Buffer Frame Size To Use:	  1024
[2020.08.16-10.16.23:798][  0]LogAudioMixer: Display: 	Number of buffers to queue:			  2
[2020.08.16-10.16.23:798][  0]LogAudioMixer: Display: 	Max Channels (voices):				  32
[2020.08.16-10.16.23:798][  0]LogAudioMixer: Display: 	Number of Async Source Workers:		  0
[2020.08.16-10.16.23:798][  0]LogAudio: Display: AudioDevice MaxSources: 32
[2020.08.16-10.16.23:799][  0]LogAudio: Display: Using built-in audio occlusion.
[2020.08.16-10.16.23:799][  0]LogAudioMixer: Display: Initializing audio mixer.
[2020.08.16-10.16.23:816][  0]LogAudioMixer: Display: 0: FrontLeft
[2020.08.16-10.16.23:816][  0]LogAudioMixer: Display: 1: FrontRight
[2020.08.16-10.16.23:866][  0]LogAudioMixer: Display: Using Audio Device Headset Earphone (HyperX 7.1 Audio)
[2020.08.16-10.16.23:874][  0]LogAudioMixer: Display: Initializing Sound Submixes...
[2020.08.16-10.16.23:877][  0]LogAudioMixer: Display: Creating Master Submix 'MasterSubmixDefault'
[2020.08.16-10.16.23:877][  0]LogAudioMixer: Display: Creating Master Submix 'MasterReverbSubmixDefault'
[2020.08.16-10.16.23:878][  0]LogAudioMixer: Display: Creating Master Submix 'MasterEQSubmixDefault'
[2020.08.16-10.16.23:880][  0]LogInit: FAudioDevice initialized.
[2020.08.16-10.16.23:882][  0]LogNetVersion: Set ProjectVersion to 1.0.0.0. Version Checksum will be recalculated on next use.
[2020.08.16-10.16.23:884][  0]LogInit: Texture streaming: Enabled
[2020.08.16-10.16.23:975][  0]LogSlate: Updating window title bar state: overlay mode, drag disabled, window buttons hidden, title bar hidden
[2020.08.16-10.16.23:976][  0]LogInit: Display: Game Engine Initialized.
[2020.08.16-10.16.23:977][  0]LogNiagaraEditor: Warning: GEditor isn't valid! Particle reset commands will not work for Niagara components!
[2020.08.16-10.16.24:016][  0]LogInit: Display: Starting Game.
[2020.08.16-10.16.24:016][  0]LogNet: Browse: /Game/InfinityBladeGrassLands/Maps/ElvenRuins?Name=Player
[2020.08.16-10.16.24:016][  0]LogLoad: LoadMap: /Game/InfinityBladeGrassLands/Maps/ElvenRuins?Name=Player
[2020.08.16-10.16.24:016][  0]LogWorld: BeginTearingDown for /Temp/Untitled_0
[2020.08.16-10.16.24:017][  0]LogWorld: UWorld::CleanupWorld for Untitled, bSessionEnded=true, bCleanupResources=true
[2020.08.16-10.16.24:017][  0]LogSlate: InvalidateAllWidgets triggered.  All widgets were invalidated
[2020.08.16-10.16.24:029][  0]LogUObjectHash: Compacting FUObjectHashTables data took   1.00ms
[2020.08.16-10.16.25:158][  0]LogAIModule: Creating AISystem for world ElvenRuins
[2020.08.16-10.16.25:158][  0]LogAISub: UAISubsystem::UAISubsystem EnvQueryManager (00000174B0085200), frame # 0
[2020.08.16-10.16.25:158][  0]LogAISub: UAISubsystem::UAISubsystem AIPerceptionSystem (00000174B0017100), frame # 0
[2020.08.16-10.16.25:162][  0]LogLoad: Game class is 'ThirdPersonGameMode_C'
[2020.08.16-10.16.25:202][  0]LogWorld: Bringing World /Game/InfinityBladeGrassLands/Maps/ElvenRuins.ElvenRuins up for play (max tick rate 0) at 2020.08.16-13.16.25
[2020.08.16-10.16.25:204][  0]LogWorld: Bringing up level for play took: 0.041685
[2020.08.16-10.16.25:215][  0]LogLoad: Took 1.198612 seconds to LoadMap(/Game/InfinityBladeGrassLands/Maps/ElvenRuins)
[2020.08.16-10.16.25:277][  0]LogLoad: (Engine Initialization) Total time: 9.49 seconds
[2020.08.16-10.16.25:277][  0]LogLoad: (Engine Initialization) Total Blueprint compile time: 0.00 seconds
[2020.08.16-10.16.25:283][  0]LogRenderer: Reallocating scene render targets to support 1280x720 Format 10 NumSamples 1 (Frame:1).
[2020.08.16-10.16.25:352][  0]LogContentStreaming: Texture pool size now 1000 MB
[2020.08.16-10.16.25:360][  0]LogSlate: InvalidateAllWidgets triggered.  All widgets were invalidated
[2020.08.16-10.16.25:401][  0]LogRenderer: Reallocating scene render targets to support 128x128 Format 10 NumSamples 1 (Frame:1).
[2020.08.16-10.16.25:450][  0]LogRenderer: Reallocating scene render targets to support 1280x720 Format 10 NumSamples 1 (Frame:2).
[2020.08.16-10.16.26:215][135]LogSlate: Took 0.000470 seconds to synchronously load lazily loaded font '../../../Engine/Content/Slate/Fonts/Roboto-Regular.ttf' (155K)
[2020.08.16-10.16.28:100][435]r.SetRes = "1920x1080"
[2020.08.16-10.16.28:130][435]LogRenderer: Reallocating scene render targets to support 1920x1080 Format 10 NumSamples 1 (Frame:437).
[2020.08.16-10.16.44:153][238]LogSlate: Window 'QuestSystem (64-bit Development PCD3D_SM5) ' being destroyed
[2020.08.16-10.16.44:154][238]LogWindowsTextInputMethodSystem: Display: IME system now deactivated.
[2020.08.16-10.16.44:157][238]LogSlate: Updating window title bar state: overlay mode, drag disabled, window buttons hidden, title bar hidden
[2020.08.16-10.16.44:157][238]LogEngine: All Windows Closed
[2020.08.16-10.16.44:157][238]LogWindows: FPlatformMisc::RequestExit(0)
[2020.08.16-10.16.44:157][238]LogCore: Engine exit requested (reason: Win RequestExit)
[2020.08.16-10.16.44:157][239]LogCore: Engine exit requested (reason: EngineExit() was called; note: exit was already requested)
[2020.08.16-10.16.44:159][239]LogAudio: Display: Shutting down audio device while 2 references to it are still alive. For more information, compile with INSTRUMENT_AUDIODEVICE_HANDLES.
[2020.08.16-10.16.44:207][239]LogInit: Display: PreExit Game.
[2020.08.16-10.16.44:208][239]LogWorld: BeginTearingDown for /Game/InfinityBladeGrassLands/Maps/ElvenRuins
[2020.08.16-10.16.44:210][239]LogWorld: UWorld::CleanupWorld for ElvenRuins, bSessionEnded=true, bCleanupResources=true
[2020.08.16-10.16.44:217][239]LogSlate: InvalidateAllWidgets triggered.  All widgets were invalidated
[2020.08.16-10.16.44:671][239]LogExit: Preparing to exit.
